Build started 09-12-2011 15:02:43.
     1>Project "C:\Users\Aparajith\Documents\Visual Studio 2010\Projects\Ray Tracer\Starter Code GLUT\Starter Code GLUT.vcxproj" on node 2 (build target(s)).
     1>InitializeBuildStatus:
         Creating "Debug\Starter Code GLUT.unsuccessfulbuild" because "AlwaysCreate" was specified.
       ClCompile:
         c:\Program Files (x86)\Microsoft Visual Studio 10.0\VC\bin\CL.exe /c /ZI /nologo /W3 /WX- /Od /Oy- /D WIN32 /D _DEBUG /D _CONSOLE /D _UNICODE /D UNICODE /Gm /EHsc /RTC1 /MDd /GS /fp:precise /Zc:wchar_t /Zc:forScope /Fo"Debug\\" /Fd"Debug\vc100.pdb" /Gd /TP /analyze- /errorReport:prompt Cabinet.cpp Chair.cpp Floor.cpp Lamp.cpp Mesh.cpp Table.cpp main.cpp
         main.cpp
     1>c:\users\aparajith\documents\visual studio 2010\projects\ray tracer\starter code glut\main.cpp(308): warning C4244: '=' : conversion from 'double' to 'float', possible loss of data
     1>c:\users\aparajith\documents\visual studio 2010\projects\ray tracer\starter code glut\main.cpp(311): warning C4244: '=' : conversion from 'double' to 'float', possible loss of data
     1>c:\users\aparajith\documents\visual studio 2010\projects\ray tracer\starter code glut\main.cpp(314): warning C4244: '=' : conversion from 'double' to 'float', possible loss of data
     1>c:\users\aparajith\documents\visual studio 2010\projects\ray tracer\starter code glut\main.cpp(317): warning C4244: '=' : conversion from 'double' to 'float', possible loss of data
     1>c:\users\aparajith\documents\visual studio 2010\projects\ray tracer\starter code glut\main.cpp(320): warning C4244: '=' : conversion from 'double' to 'float', possible loss of data
     1>c:\users\aparajith\documents\visual studio 2010\projects\ray tracer\starter code glut\main.cpp(323): warning C4244: '=' : conversion from 'double' to 'float', possible loss of data
     1>c:\users\aparajith\documents\visual studio 2010\projects\ray tracer\starter code glut\main.cpp(341): warning C4018: '>' : signed/unsigned mismatch
     1>c:\users\aparajith\documents\visual studio 2010\projects\ray tracer\starter code glut\main.cpp(376): warning C4244: '=' : conversion from 'double' to 'float', possible loss of data
     1>c:\users\aparajith\documents\visual studio 2010\projects\ray tracer\starter code glut\main.cpp(411): warning C4996: 'strcpy': This function or variable may be unsafe. Consider using strcpy_s instead. To disable deprecation, use _CRT_SECURE_NO_WARNINGS. See online help for details.
                 c:\program files (x86)\microsoft visual studio 10.0\vc\include\string.h(105) : see declaration of 'strcpy'
     1>c:\users\aparajith\documents\visual studio 2010\projects\ray tracer\starter code glut\main.cpp(414): warning C4996: 'strcat': This function or variable may be unsafe. Consider using strcat_s instead. To disable deprecation, use _CRT_SECURE_NO_WARNINGS. See online help for details.
                 c:\program files (x86)\microsoft visual studio 10.0\vc\include\string.h(110) : see declaration of 'strcat'
     1>c:\users\aparajith\documents\visual studio 2010\projects\ray tracer\starter code glut\main.cpp(415): warning C4996: 'strcat': This function or variable may be unsafe. Consider using strcat_s instead. To disable deprecation, use _CRT_SECURE_NO_WARNINGS. See online help for details.
                 c:\program files (x86)\microsoft visual studio 10.0\vc\include\string.h(110) : see declaration of 'strcat'
     1>c:\users\aparajith\documents\visual studio 2010\projects\ray tracer\starter code glut\main.cpp(429): warning C4305: 'argument' : truncation from 'double' to 'float'
     1>c:\users\aparajith\documents\visual studio 2010\projects\ray tracer\starter code glut\main.cpp(527): warning C4244: '=' : conversion from 'double' to 'float', possible loss of data
     1>c:\users\aparajith\documents\visual studio 2010\projects\ray tracer\starter code glut\main.cpp(573): warning C4244: 'initializing' : conversion from 'double' to 'float', possible loss of data
     1>c:\users\aparajith\documents\visual studio 2010\projects\ray tracer\starter code glut\main.cpp(574): warning C4244: 'initializing' : conversion from 'double' to 'float', possible loss of data
     1>c:\users\aparajith\documents\visual studio 2010\projects\ray tracer\starter code glut\main.cpp(575): warning C4244: 'initializing' : conversion from 'double' to 'float', possible loss of data
     1>c:\users\aparajith\documents\visual studio 2010\projects\ray tracer\starter code glut\main.cpp(579): warning C4244: '=' : conversion from 'double' to 'float', possible loss of data
     1>c:\users\aparajith\documents\visual studio 2010\projects\ray tracer\starter code glut\main.cpp(580): warning C4244: '=' : conversion from 'double' to 'float', possible loss of data
     1>c:\users\aparajith\documents\visual studio 2010\projects\ray tracer\starter code glut\main.cpp(584): warning C4244: '=' : conversion from 'double' to 'float', possible loss of data
     1>c:\users\aparajith\documents\visual studio 2010\projects\ray tracer\starter code glut\main.cpp(585): warning C4244: '=' : conversion from 'double' to 'float', possible loss of data
     1>c:\users\aparajith\documents\visual studio 2010\projects\ray tracer\starter code glut\main.cpp(586): warning C4244: '=' : conversion from 'double' to 'float', possible loss of data
     1>c:\users\aparajith\documents\visual studio 2010\projects\ray tracer\starter code glut\main.cpp(626): warning C4244: 'initializing' : conversion from 'double' to 'float', possible loss of data
     1>c:\users\aparajith\documents\visual studio 2010\projects\ray tracer\starter code glut\main.cpp(627): warning C4244: 'initializing' : conversion from 'double' to 'float', possible loss of data
     1>c:\users\aparajith\documents\visual studio 2010\projects\ray tracer\starter code glut\main.cpp(628): warning C4244: 'initializing' : conversion from 'double' to 'float', possible loss of data
     1>c:\users\aparajith\documents\visual studio 2010\projects\ray tracer\starter code glut\main.cpp(632): warning C4244: '=' : conversion from 'double' to 'float', possible loss of data
     1>c:\users\aparajith\documents\visual studio 2010\projects\ray tracer\starter code glut\main.cpp(633): warning C4244: '=' : conversion from 'double' to 'float', possible loss of data
     1>c:\users\aparajith\documents\visual studio 2010\projects\ray tracer\starter code glut\main.cpp(637): warning C4244: '=' : conversion from 'double' to 'float', possible loss of data
     1>c:\users\aparajith\documents\visual studio 2010\projects\ray tracer\starter code glut\main.cpp(638): warning C4244: '=' : conversion from 'double' to 'float', possible loss of data
     1>c:\users\aparajith\documents\visual studio 2010\projects\ray tracer\starter code glut\main.cpp(639): warning C4244: '=' : conversion from 'double' to 'float', possible loss of data
     1>c:\users\aparajith\documents\visual studio 2010\projects\ray tracer\starter code glut\main.cpp(656): warning C4244: 'initializing' : conversion from 'double' to 'float', possible loss of data
     1>c:\users\aparajith\documents\visual studio 2010\projects\ray tracer\starter code glut\main.cpp(657): warning C4244: 'initializing' : conversion from 'double' to 'float', possible loss of data
     1>c:\users\aparajith\documents\visual studio 2010\projects\ray tracer\starter code glut\main.cpp(658): warning C4244: 'initializing' : conversion from 'double' to 'float', possible loss of data
     1>c:\users\aparajith\documents\visual studio 2010\projects\ray tracer\starter code glut\main.cpp(659): warning C4244: 'initializing' : conversion from 'double' to 'float', possible loss of data
     1>c:\users\aparajith\documents\visual studio 2010\projects\ray tracer\starter code glut\main.cpp(662): warning C4244: 'initializing' : conversion from 'double' to 'float', possible loss of data
     1>c:\users\aparajith\documents\visual studio 2010\projects\ray tracer\starter code glut\main.cpp(663): warning C4244: 'initializing' : conversion from 'double' to 'float', possible loss of data
     1>c:\users\aparajith\documents\visual studio 2010\projects\ray tracer\starter code glut\main.cpp(664): warning C4244: 'initializing' : conversion from 'double' to 'float', possible loss of data
     1>c:\users\aparajith\documents\visual studio 2010\projects\ray tracer\starter code glut\main.cpp(665): warning C4244: 'initializing' : conversion from 'double' to 'float', possible loss of data
     1>c:\users\aparajith\documents\visual studio 2010\projects\ray tracer\starter code glut\main.cpp(694): warning C4244: 'initializing' : conversion from 'double' to 'float', possible loss of data
     1>c:\users\aparajith\documents\visual studio 2010\projects\ray tracer\starter code glut\main.cpp(695): warning C4244: 'initializing' : conversion from 'double' to 'float', possible loss of data
     1>c:\users\aparajith\documents\visual studio 2010\projects\ray tracer\starter code glut\main.cpp(699): warning C4244: '=' : conversion from 'double' to 'float', possible loss of data
     1>c:\users\aparajith\documents\visual studio 2010\projects\ray tracer\starter code glut\main.cpp(700): warning C4244: '=' : conversion from 'double' to 'float', possible loss of data
     1>c:\users\aparajith\documents\visual studio 2010\projects\ray tracer\starter code glut\main.cpp(728): warning C4244: 'initializing' : conversion from 'double' to 'float', possible loss of data
     1>c:\users\aparajith\documents\visual studio 2010\projects\ray tracer\starter code glut\main.cpp(729): warning C4244: 'initializing' : conversion from 'double' to 'float', possible loss of data
     1>c:\users\aparajith\documents\visual studio 2010\projects\ray tracer\starter code glut\main.cpp(730): warning C4244: 'initializing' : conversion from 'double' to 'float', possible loss of data
     1>c:\users\aparajith\documents\visual studio 2010\projects\ray tracer\starter code glut\main.cpp(731): warning C4244: 'initializing' : conversion from 'double' to 'float', possible loss of data
     1>c:\users\aparajith\documents\visual studio 2010\projects\ray tracer\starter code glut\main.cpp(1288): warning C4996: 'fopen': This function or variable may be unsafe. Consider using fopen_s instead. To disable deprecation, use _CRT_SECURE_NO_WARNINGS. See online help for details.
                 c:\program files (x86)\microsoft visual studio 10.0\vc\include\stdio.h(234) : see declaration of 'fopen'
     1>c:\users\aparajith\documents\visual studio 2010\projects\ray tracer\starter code glut\main.cpp(1399): warning C4244: '=' : conversion from 'int' to 'float', possible loss of data
     1>c:\users\aparajith\documents\visual studio 2010\projects\ray tracer\starter code glut\main.cpp(1400): warning C4244: '=' : conversion from 'int' to 'float', possible loss of data
     1>c:\users\aparajith\documents\visual studio 2010\projects\ray tracer\starter code glut\main.cpp(1401): warning C4244: '=' : conversion from 'int' to 'float', possible loss of data
     1>c:\users\aparajith\documents\visual studio 2010\projects\ray tracer\starter code glut\main.cpp(1423): warning C4305: '=' : truncation from 'double' to 'float'
     1>c:\users\aparajith\documents\visual studio 2010\projects\ray tracer\starter code glut\main.cpp(1427): warning C4305: '=' : truncation from 'double' to 'float'
     1>c:\users\aparajith\documents\visual studio 2010\projects\ray tracer\starter code glut\main.cpp(1432): warning C4305: '=' : truncation from 'double' to 'float'
     1>c:\users\aparajith\documents\visual studio 2010\projects\ray tracer\starter code glut\main.cpp(1493): warning C4244: '=' : conversion from 'int' to 'float', possible loss of data
     1>c:\users\aparajith\documents\visual studio 2010\projects\ray tracer\starter code glut\main.cpp(1494): warning C4244: '=' : conversion from 'int' to 'float', possible loss of data
     1>c:\users\aparajith\documents\visual studio 2010\projects\ray tracer\starter code glut\main.cpp(1495): warning C4244: '=' : conversion from 'int' to 'float', possible loss of data
     1>c:\users\aparajith\documents\visual studio 2010\projects\ray tracer\starter code glut\main.cpp(1521): warning C4244: '=' : conversion from 'int' to 'float', possible loss of data
     1>c:\users\aparajith\documents\visual studio 2010\projects\ray tracer\starter code glut\main.cpp(1522): warning C4305: '=' : truncation from 'double' to 'float'
     1>c:\users\aparajith\documents\visual studio 2010\projects\ray tracer\starter code glut\main.cpp(1523): warning C4244: '=' : conversion from 'int' to 'float', possible loss of data
     1>c:\users\aparajith\documents\visual studio 2010\projects\ray tracer\starter code glut\main.cpp(1623): warning C4244: '=' : conversion from 'int' to 'float', possible loss of data
     1>c:\users\aparajith\documents\visual studio 2010\projects\ray tracer\starter code glut\main.cpp(1624): warning C4244: '=' : conversion from 'int' to 'float', possible loss of data
     1>c:\users\aparajith\documents\visual studio 2010\projects\ray tracer\starter code glut\main.cpp(1625): warning C4244: '=' : conversion from 'int' to 'float', possible loss of data
     1>c:\users\aparajith\documents\visual studio 2010\projects\ray tracer\starter code glut\main.cpp(1647): warning C4305: '=' : truncation from 'double' to 'float'
     1>c:\users\aparajith\documents\visual studio 2010\projects\ray tracer\starter code glut\main.cpp(1649): warning C4305: '=' : truncation from 'double' to 'float'
     1>c:\users\aparajith\documents\visual studio 2010\projects\ray tracer\starter code glut\main.cpp(1680): warning C4305: '=' : truncation from 'double' to 'float'
     1>c:\users\aparajith\documents\visual studio 2010\projects\ray tracer\starter code glut\main.cpp(1681): warning C4305: '=' : truncation from 'double' to 'float'
     1>c:\users\aparajith\documents\visual studio 2010\projects\ray tracer\starter code glut\main.cpp(1682): warning C4305: '=' : truncation from 'double' to 'float'
     1>c:\users\aparajith\documents\visual studio 2010\projects\ray tracer\starter code glut\main.cpp(1690): warning C4305: '=' : truncation from 'double' to 'float'
     1>c:\users\aparajith\documents\visual studio 2010\projects\ray tracer\starter code glut\main.cpp(1691): warning C4305: '=' : truncation from 'double' to 'float'
     1>c:\users\aparajith\documents\visual studio 2010\projects\ray tracer\starter code glut\main.cpp(1692): warning C4305: '=' : truncation from 'double' to 'float'
     1>c:\users\aparajith\documents\visual studio 2010\projects\ray tracer\starter code glut\main.cpp(1764): warning C4244: '=' : conversion from 'int' to 'float', possible loss of data
     1>c:\users\aparajith\documents\visual studio 2010\projects\ray tracer\starter code glut\main.cpp(1765): warning C4244: '=' : conversion from 'int' to 'float', possible loss of data
     1>c:\users\aparajith\documents\visual studio 2010\projects\ray tracer\starter code glut\main.cpp(1766): warning C4244: '=' : conversion from 'int' to 'float', possible loss of data
     1>c:\users\aparajith\documents\visual studio 2010\projects\ray tracer\starter code glut\main.cpp(1789): warning C4305: '=' : truncation from 'double' to 'float'
     1>c:\users\aparajith\documents\visual studio 2010\projects\ray tracer\starter code glut\main.cpp(1798): warning C4305: '=' : truncation from 'double' to 'float'
     1>c:\users\aparajith\documents\visual studio 2010\projects\ray tracer\starter code glut\main.cpp(1799): warning C4305: '=' : truncation from 'double' to 'float'
     1>c:\users\aparajith\documents\visual studio 2010\projects\ray tracer\starter code glut\main.cpp(1800): warning C4305: '=' : truncation from 'double' to 'float'
     1>c:\users\aparajith\documents\visual studio 2010\projects\ray tracer\starter code glut\main.cpp(1802): warning C4305: '=' : truncation from 'double' to 'float'
     1>c:\users\aparajith\documents\visual studio 2010\projects\ray tracer\starter code glut\main.cpp(1803): warning C4305: '=' : truncation from 'double' to 'float'
     1>c:\users\aparajith\documents\visual studio 2010\projects\ray tracer\starter code glut\main.cpp(1804): warning C4305: '=' : truncation from 'double' to 'float'
     1>c:\users\aparajith\documents\visual studio 2010\projects\ray tracer\starter code glut\main.cpp(1808): warning C4305: '=' : truncation from 'double' to 'float'
     1>c:\users\aparajith\documents\visual studio 2010\projects\ray tracer\starter code glut\main.cpp(1809): warning C4305: '=' : truncation from 'double' to 'float'
     1>c:\users\aparajith\documents\visual studio 2010\projects\ray tracer\starter code glut\main.cpp(1810): warning C4305: '=' : truncation from 'double' to 'float'
     1>c:\users\aparajith\documents\visual studio 2010\projects\ray tracer\starter code glut\main.cpp(1812): warning C4305: '=' : truncation from 'double' to 'float'
     1>c:\users\aparajith\documents\visual studio 2010\projects\ray tracer\starter code glut\main.cpp(1814): warning C4305: '=' : truncation from 'double' to 'float'
     1>c:\users\aparajith\documents\visual studio 2010\projects\ray tracer\starter code glut\main.cpp(1818): warning C4305: '=' : truncation from 'double' to 'float'
     1>c:\users\aparajith\documents\visual studio 2010\projects\ray tracer\starter code glut\main.cpp(1819): warning C4305: '=' : truncation from 'double' to 'float'
     1>c:\users\aparajith\documents\visual studio 2010\projects\ray tracer\starter code glut\main.cpp(1820): warning C4305: '=' : truncation from 'double' to 'float'
     1>c:\users\aparajith\documents\visual studio 2010\projects\ray tracer\starter code glut\main.cpp(1822): warning C4305: '=' : truncation from 'double' to 'float'
     1>c:\users\aparajith\documents\visual studio 2010\projects\ray tracer\starter code glut\main.cpp(1823): warning C4305: '=' : truncation from 'double' to 'float'
     1>c:\users\aparajith\documents\visual studio 2010\projects\ray tracer\starter code glut\main.cpp(1824): warning C4305: '=' : truncation from 'double' to 'float'
     1>c:\users\aparajith\documents\visual studio 2010\projects\ray tracer\starter code glut\main.cpp(1926): warning C4244: '=' : conversion from 'int' to 'float', possible loss of data
     1>c:\users\aparajith\documents\visual studio 2010\projects\ray tracer\starter code glut\main.cpp(1927): warning C4244: '=' : conversion from 'int' to 'float', possible loss of data
     1>c:\users\aparajith\documents\visual studio 2010\projects\ray tracer\starter code glut\main.cpp(1928): warning C4244: '=' : conversion from 'int' to 'float', possible loss of data
     1>c:\users\aparajith\documents\visual studio 2010\projects\ray tracer\starter code glut\main.cpp(1950): warning C4305: '=' : truncation from 'double' to 'float'
     1>c:\users\aparajith\documents\visual studio 2010\projects\ray tracer\starter code glut\main.cpp(1952): warning C4305: '=' : truncation from 'double' to 'float'
     1>c:\users\aparajith\documents\visual studio 2010\projects\ray tracer\starter code glut\main.cpp(1984): warning C4305: '=' : truncation from 'double' to 'float'
     1>c:\users\aparajith\documents\visual studio 2010\projects\ray tracer\starter code glut\main.cpp(1987): warning C4305: '=' : truncation from 'double' to 'float'
     1>c:\users\aparajith\documents\visual studio 2010\projects\ray tracer\starter code glut\main.cpp(1989): warning C4305: '=' : truncation from 'double' to 'float'
     1>c:\users\aparajith\documents\visual studio 2010\projects\ray tracer\starter code glut\main.cpp(1997): warning C4244: '=' : conversion from 'int' to 'float', possible loss of data
     1>c:\users\aparajith\documents\visual studio 2010\projects\ray tracer\starter code glut\main.cpp(1999): warning C4244: '=' : conversion from 'int' to 'float', possible loss of data
     1>c:\users\aparajith\documents\visual studio 2010\projects\ray tracer\starter code glut\main.cpp(2001): warning C4244: '=' : conversion from 'int' to 'float', possible loss of data
     1>c:\users\aparajith\documents\visual studio 2010\projects\ray tracer\starter code glut\main.cpp(2022): warning C4018: '<' : signed/unsigned mismatch
     1>c:\users\aparajith\documents\visual studio 2010\projects\ray tracer\starter code glut\main.cpp(2043): warning C4244: 'initializing' : conversion from 'double' to 'float', possible loss of data
     1>c:\users\aparajith\documents\visual studio 2010\projects\ray tracer\starter code glut\main.cpp(2127): warning C4244: '=' : conversion from 'float' to 'ebmpBYTE', possible loss of data
     1>c:\users\aparajith\documents\visual studio 2010\projects\ray tracer\starter code glut\main.cpp(2128): warning C4244: '=' : conversion from 'float' to 'ebmpBYTE', possible loss of data
     1>c:\users\aparajith\documents\visual studio 2010\projects\ray tracer\starter code glut\main.cpp(2129): warning C4244: '=' : conversion from 'float' to 'ebmpBYTE', possible loss of data
         Table.cpp
     1>c:\users\aparajith\documents\visual studio 2010\projects\ray tracer\starter code glut\table.cpp(28): warning C4244: '=' : conversion from 'int' to 'float', possible loss of data
     1>c:\users\aparajith\documents\visual studio 2010\projects\ray tracer\starter code glut\table.cpp(29): warning C4244: '=' : conversion from 'int' to 'float', possible loss of data
     1>c:\users\aparajith\documents\visual studio 2010\projects\ray tracer\starter code glut\table.cpp(30): warning C4244: '=' : conversion from 'int' to 'float', possible loss of data
     1>c:\users\aparajith\documents\visual studio 2010\projects\ray tracer\starter code glut\table.cpp(41): warning C4305: '=' : truncation from 'double' to 'float'
     1>c:\users\aparajith\documents\visual studio 2010\projects\ray tracer\starter code glut\table.cpp(44): warning C4305: '=' : truncation from 'double' to 'float'
     1>c:\users\aparajith\documents\visual studio 2010\projects\ray tracer\starter code glut\table.cpp(45): warning C4305: '=' : truncation from 'double' to 'float'
     1>c:\users\aparajith\documents\visual studio 2010\projects\ray tracer\starter code glut\table.cpp(46): warning C4305: '=' : truncation from 'double' to 'float'
     1>c:\users\aparajith\documents\visual studio 2010\projects\ray tracer\starter code glut\table.cpp(59): warning C4305: '=' : truncation from 'double' to 'float'
     1>c:\users\aparajith\documents\visual studio 2010\projects\ray tracer\starter code glut\table.cpp(61): warning C4305: '=' : truncation from 'double' to 'float'
     1>c:\users\aparajith\documents\visual studio 2010\projects\ray tracer\starter code glut\table.cpp(97): warning C4305: '=' : truncation from 'double' to 'float'
     1>c:\users\aparajith\documents\visual studio 2010\projects\ray tracer\starter code glut\table.cpp(100): warning C4305: '=' : truncation from 'double' to 'float'
     1>c:\users\aparajith\documents\visual studio 2010\projects\ray tracer\starter code glut\table.cpp(102): warning C4305: '=' : truncation from 'double' to 'float'
         Mesh.cpp
     1>c:\users\aparajith\documents\visual studio 2010\projects\ray tracer\starter code glut\mesh.cpp(332): warning C4244: 'initializing' : conversion from 'double' to 'float', possible loss of data
     1>c:\users\aparajith\documents\visual studio 2010\projects\ray tracer\starter code glut\mesh.cpp(336): warning C4018: '<' : signed/unsigned mismatch
     1>c:\users\aparajith\documents\visual studio 2010\projects\ray tracer\starter code glut\mesh.cpp(372): warning C4018: '<' : signed/unsigned mismatch
     1>c:\users\aparajith\documents\visual studio 2010\projects\ray tracer\starter code glut\mesh.cpp(395): warning C4018: '<' : signed/unsigned mismatch
     1>c:\users\aparajith\documents\visual studio 2010\projects\ray tracer\starter code glut\mesh.cpp(407): warning C4244: '=' : conversion from 'int' to 'float', possible loss of data
     1>c:\users\aparajith\documents\visual studio 2010\projects\ray tracer\starter code glut\mesh.cpp(409): warning C4244: '=' : conversion from 'int' to 'float', possible loss of data
     1>c:\users\aparajith\documents\visual studio 2010\projects\ray tracer\starter code glut\mesh.cpp(411): warning C4244: '=' : conversion from 'int' to 'float', possible loss of data
     1>c:\users\aparajith\documents\visual studio 2010\projects\ray tracer\starter code glut\mesh.cpp(421): warning C4018: '<' : signed/unsigned mismatch
         Lamp.cpp
     1>c:\users\aparajith\documents\visual studio 2010\projects\ray tracer\starter code glut\lamp.cpp(23): warning C4244: '=' : conversion from 'int' to 'float', possible loss of data
     1>c:\users\aparajith\documents\visual studio 2010\projects\ray tracer\starter code glut\lamp.cpp(24): warning C4244: '=' : conversion from 'int' to 'float', possible loss of data
     1>c:\users\aparajith\documents\visual studio 2010\projects\ray tracer\starter code glut\lamp.cpp(25): warning C4244: '=' : conversion from 'int' to 'float', possible loss of data
     1>c:\users\aparajith\documents\visual studio 2010\projects\ray tracer\starter code glut\lamp.cpp(54): warning C4305: '=' : truncation from 'double' to 'float'
     1>c:\users\aparajith\documents\visual studio 2010\projects\ray tracer\starter code glut\lamp.cpp(58): warning C4305: '=' : truncation from 'double' to 'float'
     1>c:\users\aparajith\documents\visual studio 2010\projects\ray tracer\starter code glut\lamp.cpp(63): warning C4305: '=' : truncation from 'double' to 'float'
         Floor.cpp
     1>c:\users\aparajith\documents\visual studio 2010\projects\ray tracer\starter code glut\floor.cpp(21): warning C4244: '=' : conversion from 'int' to 'float', possible loss of data
     1>c:\users\aparajith\documents\visual studio 2010\projects\ray tracer\starter code glut\floor.cpp(22): warning C4244: '=' : conversion from 'int' to 'float', possible loss of data
     1>c:\users\aparajith\documents\visual studio 2010\projects\ray tracer\starter code glut\floor.cpp(23): warning C4244: '=' : conversion from 'int' to 'float', possible loss of data
     1>c:\users\aparajith\documents\visual studio 2010\projects\ray tracer\starter code glut\floor.cpp(32): warning C4244: 'initializing' : conversion from 'int' to 'float', possible loss of data
     1>c:\users\aparajith\documents\visual studio 2010\projects\ray tracer\starter code glut\floor.cpp(34): warning C4244: '=' : conversion from 'double' to 'float', possible loss of data
     1>c:\users\aparajith\documents\visual studio 2010\projects\ray tracer\starter code glut\floor.cpp(36): warning C4244: '=' : conversion from 'double' to 'float', possible loss of data
     1>c:\users\aparajith\documents\visual studio 2010\projects\ray tracer\starter code glut\floor.cpp(38): warning C4244: '=' : conversion from 'double' to 'float', possible loss of data
     1>c:\users\aparajith\documents\visual studio 2010\projects\ray tracer\starter code glut\floor.cpp(39): warning C4244: '=' : conversion from 'double' to 'float', possible loss of data
     1>c:\users\aparajith\documents\visual studio 2010\projects\ray tracer\starter code glut\floor.cpp(40): warning C4244: '=' : conversion from 'double' to 'float', possible loss of data
     1>c:\users\aparajith\documents\visual studio 2010\projects\ray tracer\starter code glut\floor.cpp(57): warning C4244: '=' : conversion from 'int' to 'float', possible loss of data
     1>c:\users\aparajith\documents\visual studio 2010\projects\ray tracer\starter code glut\floor.cpp(58): warning C4305: '=' : truncation from 'double' to 'float'
     1>c:\users\aparajith\documents\visual studio 2010\projects\ray tracer\starter code glut\floor.cpp(59): warning C4244: '=' : conversion from 'int' to 'float', possible loss of data
         Chair.cpp
     1>c:\users\aparajith\documents\visual studio 2010\projects\ray tracer\starter code glut\chair.cpp(29): warning C4244: '=' : conversion from 'int' to 'float', possible loss of data
     1>c:\users\aparajith\documents\visual studio 2010\projects\ray tracer\starter code glut\chair.cpp(30): warning C4244: '=' : conversion from 'int' to 'float', possible loss of data
     1>c:\users\aparajith\documents\visual studio 2010\projects\ray tracer\starter code glut\chair.cpp(31): warning C4244: '=' : conversion from 'int' to 'float', possible loss of data
     1>c:\users\aparajith\documents\visual studio 2010\projects\ray tracer\starter code glut\chair.cpp(45): warning C4305: '=' : truncation from 'double' to 'float'
     1>c:\users\aparajith\documents\visual studio 2010\projects\ray tracer\starter code glut\chair.cpp(46): warning C4305: '=' : truncation from 'double' to 'float'
     1>c:\users\aparajith\documents\visual studio 2010\projects\ray tracer\starter code glut\chair.cpp(47): warning C4305: '=' : truncation from 'double' to 'float'
     1>c:\users\aparajith\documents\visual studio 2010\projects\ray tracer\starter code glut\chair.cpp(60): warning C4305: '=' : truncation from 'double' to 'float'
     1>c:\users\aparajith\documents\visual studio 2010\projects\ray tracer\starter code glut\chair.cpp(62): warning C4305: '=' : truncation from 'double' to 'float'
     1>c:\users\aparajith\documents\visual studio 2010\projects\ray tracer\starter code glut\chair.cpp(97): warning C4305: '=' : truncation from 'double' to 'float'
     1>c:\users\aparajith\documents\visual studio 2010\projects\ray tracer\starter code glut\chair.cpp(98): warning C4305: '=' : truncation from 'double' to 'float'
     1>c:\users\aparajith\documents\visual studio 2010\projects\ray tracer\starter code glut\chair.cpp(99): warning C4305: '=' : truncation from 'double' to 'float'
     1>c:\users\aparajith\documents\visual studio 2010\projects\ray tracer\starter code glut\chair.cpp(108): warning C4305: '=' : truncation from 'double' to 'float'
     1>c:\users\aparajith\documents\visual studio 2010\projects\ray tracer\starter code glut\chair.cpp(109): warning C4305: '=' : truncation from 'double' to 'float'
     1>c:\users\aparajith\documents\visual studio 2010\projects\ray tracer\starter code glut\chair.cpp(110): warning C4305: '=' : truncation from 'double' to 'float'
         Cabinet.cpp
     1>c:\users\aparajith\documents\visual studio 2010\projects\ray tracer\starter code glut\cabinet.cpp(25): warning C4244: '=' : conversion from 'int' to 'float', possible loss of data
     1>c:\users\aparajith\documents\visual studio 2010\projects\ray tracer\starter code glut\cabinet.cpp(26): warning C4244: '=' : conversion from 'int' to 'float', possible loss of data
     1>c:\users\aparajith\documents\visual studio 2010\projects\ray tracer\starter code glut\cabinet.cpp(27): warning C4244: '=' : conversion from 'int' to 'float', possible loss of data
     1>c:\users\aparajith\documents\visual studio 2010\projects\ray tracer\starter code glut\cabinet.cpp(37): warning C4305: '=' : truncation from 'double' to 'float'
     1>c:\users\aparajith\documents\visual studio 2010\projects\ray tracer\starter code glut\cabinet.cpp(38): warning C4305: '=' : truncation from 'double' to 'float'
     1>c:\users\aparajith\documents\visual studio 2010\projects\ray tracer\starter code glut\cabinet.cpp(39): warning C4305: '=' : truncation from 'double' to 'float'
     1>c:\users\aparajith\documents\visual studio 2010\projects\ray tracer\starter code glut\cabinet.cpp(41): warning C4305: '=' : truncation from 'double' to 'float'
     1>c:\users\aparajith\documents\visual studio 2010\projects\ray tracer\starter code glut\cabinet.cpp(42): warning C4305: '=' : truncation from 'double' to 'float'
     1>c:\users\aparajith\documents\visual studio 2010\projects\ray tracer\starter code glut\cabinet.cpp(43): warning C4305: '=' : truncation from 'double' to 'float'
     1>c:\users\aparajith\documents\visual studio 2010\projects\ray tracer\starter code glut\cabinet.cpp(57): warning C4305: '=' : truncation from 'double' to 'float'
     1>c:\users\aparajith\documents\visual studio 2010\projects\ray tracer\starter code glut\cabinet.cpp(67): warning C4305: '=' : truncation from 'double' to 'float'
     1>c:\users\aparajith\documents\visual studio 2010\projects\ray tracer\starter code glut\cabinet.cpp(68): warning C4305: '=' : truncation from 'double' to 'float'
     1>c:\users\aparajith\documents\visual studio 2010\projects\ray tracer\starter code glut\cabinet.cpp(69): warning C4305: '=' : truncation from 'double' to 'float'
     1>c:\users\aparajith\documents\visual studio 2010\projects\ray tracer\starter code glut\cabinet.cpp(71): warning C4305: '=' : truncation from 'double' to 'float'
     1>c:\users\aparajith\documents\visual studio 2010\projects\ray tracer\starter code glut\cabinet.cpp(72): warning C4305: '=' : truncation from 'double' to 'float'
     1>c:\users\aparajith\documents\visual studio 2010\projects\ray tracer\starter code glut\cabinet.cpp(73): warning C4305: '=' : truncation from 'double' to 'float'
     1>c:\users\aparajith\documents\visual studio 2010\projects\ray tracer\starter code glut\cabinet.cpp(78): warning C4305: '=' : truncation from 'double' to 'float'
     1>c:\users\aparajith\documents\visual studio 2010\projects\ray tracer\starter code glut\cabinet.cpp(79): warning C4305: '=' : truncation from 'double' to 'float'
     1>c:\users\aparajith\documents\visual studio 2010\projects\ray tracer\starter code glut\cabinet.cpp(80): warning C4305: '=' : truncation from 'double' to 'float'
     1>c:\users\aparajith\documents\visual studio 2010\projects\ray tracer\starter code glut\cabinet.cpp(82): warning C4305: '=' : truncation from 'double' to 'float'
     1>c:\users\aparajith\documents\visual studio 2010\projects\ray tracer\starter code glut\cabinet.cpp(84): warning C4305: '=' : truncation from 'double' to 'float'
     1>c:\users\aparajith\documents\visual studio 2010\projects\ray tracer\starter code glut\cabinet.cpp(89): warning C4305: '=' : truncation from 'double' to 'float'
     1>c:\users\aparajith\documents\visual studio 2010\projects\ray tracer\starter code glut\cabinet.cpp(90): warning C4305: '=' : truncation from 'double' to 'float'
     1>c:\users\aparajith\documents\visual studio 2010\projects\ray tracer\starter code glut\cabinet.cpp(91): warning C4305: '=' : truncation from 'double' to 'float'
     1>c:\users\aparajith\documents\visual studio 2010\projects\ray tracer\starter code glut\cabinet.cpp(93): warning C4305: '=' : truncation from 'double' to 'float'
     1>c:\users\aparajith\documents\visual studio 2010\projects\ray tracer\starter code glut\cabinet.cpp(94): warning C4305: '=' : truncation from 'double' to 'float'
     1>c:\users\aparajith\documents\visual studio 2010\projects\ray tracer\starter code glut\cabinet.cpp(95): warning C4305: '=' : truncation from 'double' to 'float'
         Generating Code...
         All outputs are up-to-date.
       ManifestResourceCompile:
         All outputs are up-to-date.
       Link:
         c:\Program Files (x86)\Microsoft Visual Studio 10.0\VC\bin\link.exe /ERRORREPORT:PROMPT /OUT:"C:\Users\Aparajith\Documents\Visual Studio 2010\Projects\Ray Tracer\Debug\Starter Code GLUT.exe" /INCREMENTAL /NOLOGO /LIBPATH:../freeglut/lib kernel32.lib user32.lib gdi32.lib winspool.lib comdlg32.lib advapi32.lib shell32.lib ole32.lib oleaut32.lib uuid.lib odbc32.lib odbccp32.lib /MANIFEST /ManifestFile:"Debug\Starter Code GLUT.exe.intermediate.manifest" /MANIFESTUAC:"level='asInvoker' uiAccess='false'" /DEBUG /PDB:"C:\Users\Aparajith\Documents\Visual Studio 2010\Projects\Ray Tracer\Debug\Starter Code GLUT.pdb" /SUBSYSTEM:CONSOLE /TLBID:1 /DYNAMICBASE /NXCOMPAT /IMPLIB:"C:\Users\Aparajith\Documents\Visual Studio 2010\Projects\Ray Tracer\Debug\Starter Code GLUT.lib" /MACHINE:X86 "Debug\Starter Code GLUT.exe.embed.manifest.res"
         Debug\Cabinet.obj
         Debug\Chair.obj
         Debug\EasyBMP.obj
         Debug\Face.obj
         Debug\Floor.obj
         Debug\Furniture.obj
         Debug\glew.obj
         Debug\Lamp.obj
         Debug\main.obj
         Debug\Mesh.obj
         Debug\Node.obj
         Debug\RayIntersection.obj
         Debug\Table.obj
         Debug\Tree.obj
       Manifest:
         C:\Program Files (x86)\Microsoft SDKs\Windows\v7.0A\bin\mt.exe /nologo /verbose /out:"Debug\Starter Code GLUT.exe.embed.manifest" /manifest "Debug\Starter Code GLUT.exe.intermediate.manifest"
         All outputs are up-to-date.
       LinkEmbedManifest:
         All outputs are up-to-date.
         Starter Code GLUT.vcxproj -> C:\Users\Aparajith\Documents\Visual Studio 2010\Projects\Ray Tracer\Debug\Starter Code GLUT.exe
       FinalizeBuildStatus:
         Deleting file "Debug\Starter Code GLUT.unsuccessfulbuild".
         Touching "Debug\Starter Code GLUT.lastbuildstate".
     1>Done Building Project "C:\Users\Aparajith\Documents\Visual Studio 2010\Projects\Ray Tracer\Starter Code GLUT\Starter Code GLUT.vcxproj" (build target(s)).

Build succeeded.

Time Elapsed 00:00:14.50
