C:\USERS\APARAJITH\DOCUMENTS\MASTER OF SCIENCE IN CGGT\COMPUTER GRAPHICS\HW 5\HW 5B\RAY TRACER\DEBUG\STARTER CODE GLUT.EXE
C:\USERS\APARAJITH\DOCUMENTS\MASTER OF SCIENCE IN CGGT\COMPUTER GRAPHICS\HW 5\HW 5B\RAY TRACER\DEBUG\STARTER CODE GLUT.ILK
C:\USERS\APARAJITH\DOCUMENTS\MASTER OF SCIENCE IN CGGT\COMPUTER GRAPHICS\HW 5\HW 5B\RAY TRACER\DEBUG\STARTER CODE GLUT.PDB
C:\USERS\APARAJITH\DOCUMENTS\MASTER OF SCIENCE IN CGGT\COMPUTER GRAPHICS\HW 5\HW 5B\RAY TRACER\STARTER CODE GLUT\DEBUG\CABINET.OBJ
C:\USERS\APARAJITH\DOCUMENTS\MASTER OF SCIENCE IN CGGT\COMPUTER GRAPHICS\HW 5\HW 5B\RAY TRACER\STARTER CODE GLUT\DEBUG\CHAIR.OBJ
C:\Users\Aparajith\Documents\Master of Science in CGGT\Computer Graphics\HW 5\HW 5b\Ray Tracer\Starter Code GLUT\Debug\cl.command.1.tlog
C:\Users\Aparajith\Documents\Master of Science in CGGT\Computer Graphics\HW 5\HW 5b\Ray Tracer\Starter Code GLUT\Debug\CL.read.1.tlog
C:\Users\Aparajith\Documents\Master of Science in CGGT\Computer Graphics\HW 5\HW 5b\Ray Tracer\Starter Code GLUT\Debug\CL.write.1.tlog
C:\USERS\APARAJITH\DOCUMENTS\MASTER OF SCIENCE IN CGGT\COMPUTER GRAPHICS\HW 5\HW 5B\RAY TRACER\STARTER CODE GLUT\DEBUG\EASYBMP.OBJ
C:\USERS\APARAJITH\DOCUMENTS\MASTER OF SCIENCE IN CGGT\COMPUTER GRAPHICS\HW 5\HW 5B\RAY TRACER\STARTER CODE GLUT\DEBUG\FACE.OBJ
C:\USERS\APARAJITH\DOCUMENTS\MASTER OF SCIENCE IN CGGT\COMPUTER GRAPHICS\HW 5\HW 5B\RAY TRACER\STARTER CODE GLUT\DEBUG\FLOOR.OBJ
C:\USERS\APARAJITH\DOCUMENTS\MASTER OF SCIENCE IN CGGT\COMPUTER GRAPHICS\HW 5\HW 5B\RAY TRACER\STARTER CODE GLUT\DEBUG\FURNITURE.OBJ
C:\USERS\APARAJITH\DOCUMENTS\MASTER OF SCIENCE IN CGGT\COMPUTER GRAPHICS\HW 5\HW 5B\RAY TRACER\STARTER CODE GLUT\DEBUG\GLEW.OBJ
C:\USERS\APARAJITH\DOCUMENTS\MASTER OF SCIENCE IN CGGT\COMPUTER GRAPHICS\HW 5\HW 5B\RAY TRACER\STARTER CODE GLUT\DEBUG\LAMP.OBJ
C:\Users\Aparajith\Documents\Master of Science in CGGT\Computer Graphics\HW 5\HW 5b\Ray Tracer\Starter Code GLUT\Debug\link.2736.read.1.tlog
C:\Users\Aparajith\Documents\Master of Science in CGGT\Computer Graphics\HW 5\HW 5b\Ray Tracer\Starter Code GLUT\Debug\link.2736.write.1.tlog
C:\Users\Aparajith\Documents\Master of Science in CGGT\Computer Graphics\HW 5\HW 5b\Ray Tracer\Starter Code GLUT\Debug\link.2736-cvtres.read.1.tlog
C:\Users\Aparajith\Documents\Master of Science in CGGT\Computer Graphics\HW 5\HW 5b\Ray Tracer\Starter Code GLUT\Debug\link.2736-cvtres.write.1.tlog
C:\Users\Aparajith\Documents\Master of Science in CGGT\Computer Graphics\HW 5\HW 5b\Ray Tracer\Starter Code GLUT\Debug\link.command.1.tlog
C:\Users\Aparajith\Documents\Master of Science in CGGT\Computer Graphics\HW 5\HW 5b\Ray Tracer\Starter Code GLUT\Debug\link.read.1.tlog
C:\Users\Aparajith\Documents\Master of Science in CGGT\Computer Graphics\HW 5\HW 5b\Ray Tracer\Starter Code GLUT\Debug\link.write.1.tlog
C:\Users\Aparajith\Documents\Master of Science in CGGT\Computer Graphics\HW 5\HW 5b\Ray Tracer\Starter Code GLUT\Debug\link-cvtres.read.1.tlog
C:\Users\Aparajith\Documents\Master of Science in CGGT\Computer Graphics\HW 5\HW 5b\Ray Tracer\Starter Code GLUT\Debug\link-cvtres.write.1.tlog
C:\USERS\APARAJITH\DOCUMENTS\MASTER OF SCIENCE IN CGGT\COMPUTER GRAPHICS\HW 5\HW 5B\RAY TRACER\STARTER CODE GLUT\DEBUG\MAIN.OBJ
C:\USERS\APARAJITH\DOCUMENTS\MASTER OF SCIENCE IN CGGT\COMPUTER GRAPHICS\HW 5\HW 5B\RAY TRACER\STARTER CODE GLUT\DEBUG\MESH.OBJ
C:\Users\Aparajith\Documents\Master of Science in CGGT\Computer Graphics\HW 5\HW 5b\Ray Tracer\Starter Code GLUT\Debug\mt.command.1.tlog
C:\Users\Aparajith\Documents\Master of Science in CGGT\Computer Graphics\HW 5\HW 5b\Ray Tracer\Starter Code GLUT\Debug\mt.read.1.tlog
C:\Users\Aparajith\Documents\Master of Science in CGGT\Computer Graphics\HW 5\HW 5b\Ray Tracer\Starter Code GLUT\Debug\mt.write.1.tlog
C:\USERS\APARAJITH\DOCUMENTS\MASTER OF SCIENCE IN CGGT\COMPUTER GRAPHICS\HW 5\HW 5B\RAY TRACER\STARTER CODE GLUT\DEBUG\NODE.OBJ
C:\USERS\APARAJITH\DOCUMENTS\MASTER OF SCIENCE IN CGGT\COMPUTER GRAPHICS\HW 5\HW 5B\RAY TRACER\STARTER CODE GLUT\DEBUG\RAYINTERSECTION.OBJ
C:\Users\Aparajith\Documents\Master of Science in CGGT\Computer Graphics\HW 5\HW 5b\Ray Tracer\Starter Code GLUT\Debug\rc.command.1.tlog
C:\Users\Aparajith\Documents\Master of Science in CGGT\Computer Graphics\HW 5\HW 5b\Ray Tracer\Starter Code GLUT\Debug\rc.read.1.tlog
C:\Users\Aparajith\Documents\Master of Science in CGGT\Computer Graphics\HW 5\HW 5b\Ray Tracer\Starter Code GLUT\Debug\rc.write.1.tlog
C:\USERS\APARAJITH\DOCUMENTS\MASTER OF SCIENCE IN CGGT\COMPUTER GRAPHICS\HW 5\HW 5B\RAY TRACER\STARTER CODE GLUT\DEBUG\STARTER CODE GLUT.EXE.EMBED.MANIFEST
C:\USERS\APARAJITH\DOCUMENTS\MASTER OF SCIENCE IN CGGT\COMPUTER GRAPHICS\HW 5\HW 5B\RAY TRACER\STARTER CODE GLUT\DEBUG\STARTER CODE GLUT.EXE.EMBED.MANIFEST.RES
C:\USERS\APARAJITH\DOCUMENTS\MASTER OF SCIENCE IN CGGT\COMPUTER GRAPHICS\HW 5\HW 5B\RAY TRACER\STARTER CODE GLUT\DEBUG\STARTER CODE GLUT.EXE.INTERMEDIATE.MANIFEST
C:\Users\Aparajith\Documents\Master of Science in CGGT\Computer Graphics\HW 5\HW 5b\Ray Tracer\Starter Code GLUT\Debug\Starter Code GLUT_manifest.rc
C:\USERS\APARAJITH\DOCUMENTS\MASTER OF SCIENCE IN CGGT\COMPUTER GRAPHICS\HW 5\HW 5B\RAY TRACER\STARTER CODE GLUT\DEBUG\TABLE.OBJ
C:\USERS\APARAJITH\DOCUMENTS\MASTER OF SCIENCE IN CGGT\COMPUTER GRAPHICS\HW 5\HW 5B\RAY TRACER\STARTER CODE GLUT\DEBUG\TREE.OBJ
C:\Users\Aparajith\Documents\Master of Science in CGGT\Computer Graphics\HW 5\HW 5b\Ray Tracer\Starter Code GLUT\Debug\vc100.idb
C:\USERS\APARAJITH\DOCUMENTS\MASTER OF SCIENCE IN CGGT\COMPUTER GRAPHICS\HW 5\HW 5B\RAY TRACER\STARTER CODE GLUT\DEBUG\VC100.PDB
