C:\USERS\SHIJINGLIU\DROPBOX\ALL THE COURSES AT PENN\CIS 560\RAY TRACER - SUBMISSION COPY\STARTER CODE GLUT\RELEASE\TREE.OBJ
C:\USERS\SHIJINGLIU\DROPBOX\ALL THE COURSES AT PENN\CIS 560\RAY TRACER - SUBMISSION COPY\STARTER CODE GLUT\RELEASE\TABLE.OBJ
C:\USERS\SHIJINGLIU\DROPBOX\ALL THE COURSES AT PENN\CIS 560\RAY TRACER - SUBMISSION COPY\STARTER CODE GLUT\RELEASE\RAYINTERSECTION.OBJ
C:\USERS\SHIJINGLIU\DROPBOX\ALL THE COURSES AT PENN\CIS 560\RAY TRACER - SUBMISSION COPY\STARTER CODE GLUT\RELEASE\NODE.OBJ
C:\USERS\SHIJINGLIU\DROPBOX\ALL THE COURSES AT PENN\CIS 560\RAY TRACER - SUBMISSION COPY\STARTER CODE GLUT\RELEASE\MESH.OBJ
C:\USERS\SHIJINGLIU\DROPBOX\ALL THE COURSES AT PENN\CIS 560\RAY TRACER - SUBMISSION COPY\STARTER CODE GLUT\RELEASE\MAIN.OBJ
C:\USERS\SHIJINGLIU\DROPBOX\ALL THE COURSES AT PENN\CIS 560\RAY TRACER - SUBMISSION COPY\STARTER CODE GLUT\RELEASE\LAMP.OBJ
C:\USERS\SHIJINGLIU\DROPBOX\ALL THE COURSES AT PENN\CIS 560\RAY TRACER - SUBMISSION COPY\STARTER CODE GLUT\RELEASE\FURNITURE.OBJ
C:\USERS\SHIJINGLIU\DROPBOX\ALL THE COURSES AT PENN\CIS 560\RAY TRACER - SUBMISSION COPY\STARTER CODE GLUT\RELEASE\FLOOR.OBJ
C:\USERS\SHIJINGLIU\DROPBOX\ALL THE COURSES AT PENN\CIS 560\RAY TRACER - SUBMISSION COPY\STARTER CODE GLUT\RELEASE\FACE.OBJ
C:\USERS\SHIJINGLIU\DROPBOX\ALL THE COURSES AT PENN\CIS 560\RAY TRACER - SUBMISSION COPY\STARTER CODE GLUT\RELEASE\EASYBMP.OBJ
C:\USERS\SHIJINGLIU\DROPBOX\ALL THE COURSES AT PENN\CIS 560\RAY TRACER - SUBMISSION COPY\STARTER CODE GLUT\RELEASE\CHAIR.OBJ
C:\USERS\SHIJINGLIU\DROPBOX\ALL THE COURSES AT PENN\CIS 560\RAY TRACER - SUBMISSION COPY\STARTER CODE GLUT\RELEASE\CABINET.OBJ
C:\USERS\SHIJINGLIU\DROPBOX\ALL THE COURSES AT PENN\CIS 560\RAY TRACER - SUBMISSION COPY\STARTER CODE GLUT\RELEASE\VC110.PDB
C:\USERS\SHIJINGLIU\DROPBOX\ALL THE COURSES AT PENN\CIS 560\RAY TRACER - SUBMISSION COPY\STARTER CODE GLUT\RELEASE\GLEW.OBJ
C:\USERS\SHIJINGLIU\DROPBOX\ALL THE COURSES AT PENN\CIS 560\RAY TRACER - SUBMISSION COPY\RELEASE\STARTER CODE GLUT.EXE
C:\USERS\SHIJINGLIU\DROPBOX\ALL THE COURSES AT PENN\CIS 560\RAY TRACER - SUBMISSION COPY\RELEASE\STARTER CODE GLUT.PDB
C:\Users\shijingliu\Dropbox\All the courses at Penn\CIS 560\Ray Tracer - Submission Copy\Starter Code GLUT\Release\Cabinet.obj
C:\Users\shijingliu\Dropbox\All the courses at Penn\CIS 560\Ray Tracer - Submission Copy\Starter Code GLUT\Release\Chair.obj
C:\Users\shijingliu\Dropbox\All the courses at Penn\CIS 560\Ray Tracer - Submission Copy\Starter Code GLUT\Release\EasyBMP.obj
C:\Users\shijingliu\Dropbox\All the courses at Penn\CIS 560\Ray Tracer - Submission Copy\Starter Code GLUT\Release\Face.obj
C:\Users\shijingliu\Dropbox\All the courses at Penn\CIS 560\Ray Tracer - Submission Copy\Starter Code GLUT\Release\Floor.obj
C:\Users\shijingliu\Dropbox\All the courses at Penn\CIS 560\Ray Tracer - Submission Copy\Starter Code GLUT\Release\Furniture.obj
C:\Users\shijingliu\Dropbox\All the courses at Penn\CIS 560\Ray Tracer - Submission Copy\Starter Code GLUT\Release\glew.obj
C:\Users\shijingliu\Dropbox\All the courses at Penn\CIS 560\Ray Tracer - Submission Copy\Starter Code GLUT\Release\Lamp.obj
C:\Users\shijingliu\Dropbox\All the courses at Penn\CIS 560\Ray Tracer - Submission Copy\Starter Code GLUT\Release\main.obj
C:\Users\shijingliu\Dropbox\All the courses at Penn\CIS 560\Ray Tracer - Submission Copy\Starter Code GLUT\Release\Mesh.obj
C:\Users\shijingliu\Dropbox\All the courses at Penn\CIS 560\Ray Tracer - Submission Copy\Starter Code GLUT\Release\Node.obj
C:\Users\shijingliu\Dropbox\All the courses at Penn\CIS 560\Ray Tracer - Submission Copy\Starter Code GLUT\Release\RayIntersection.obj
C:\Users\shijingliu\Dropbox\All the courses at Penn\CIS 560\Ray Tracer - Submission Copy\Starter Code GLUT\Release\Table.obj
C:\Users\shijingliu\Dropbox\All the courses at Penn\CIS 560\Ray Tracer - Submission Copy\Starter Code GLUT\Release\Tree.obj
C:\Users\shijingliu\Dropbox\All the courses at Penn\CIS 560\Ray Tracer - Submission Copy\Starter Code GLUT\Release\cl.command.1.tlog
C:\Users\shijingliu\Dropbox\All the courses at Penn\CIS 560\Ray Tracer - Submission Copy\Starter Code GLUT\Release\CL.read.1.tlog
C:\Users\shijingliu\Dropbox\All the courses at Penn\CIS 560\Ray Tracer - Submission Copy\Starter Code GLUT\Release\CL.write.1.tlog
C:\Users\shijingliu\Dropbox\All the courses at Penn\CIS 560\Ray Tracer - Submission Copy\Starter Code GLUT\Release\link-cvtres.read.1.tlog
C:\Users\shijingliu\Dropbox\All the courses at Penn\CIS 560\Ray Tracer - Submission Copy\Starter Code GLUT\Release\link-cvtres.write.1.tlog
C:\Users\shijingliu\Dropbox\All the courses at Penn\CIS 560\Ray Tracer - Submission Copy\Starter Code GLUT\Release\link-rc.read.1.tlog
C:\Users\shijingliu\Dropbox\All the courses at Penn\CIS 560\Ray Tracer - Submission Copy\Starter Code GLUT\Release\link-rc.write.1.tlog
C:\Users\shijingliu\Dropbox\All the courses at Penn\CIS 560\Ray Tracer - Submission Copy\Starter Code GLUT\Release\link.command.1.tlog
C:\Users\shijingliu\Dropbox\All the courses at Penn\CIS 560\Ray Tracer - Submission Copy\Starter Code GLUT\Release\link.read.1.tlog
C:\Users\shijingliu\Dropbox\All the courses at Penn\CIS 560\Ray Tracer - Submission Copy\Starter Code GLUT\Release\link.write.1.tlog
C:\Users\shijingliu\Dropbox\All the courses at Penn\CIS 560\Ray Tracer - Submission Copy\Starter Code GLUT\Release\vc110.pdb
C:\Users\shijingliu\Dropbox\All the courses at Penn\CIS 560\Ray Tracer - Submission Copy\Release\Starter Code GLUT.pdb
C:\Users\shijingliu\Dropbox\All the courses at Penn\CIS 560\Ray Tracer - Submission Copy\Release\Starter Code GLUT.exe
